<?xml version="1.0" encoding="UTF-8"?>
<testsuite xmlns:xsi="http://www.w3.org/2001/XMLSchema-instance" xsi:noNamespaceSchemaLocation="https://maven.apache.org/surefire/maven-surefire-plugin/xsd/surefire-test-report.xsd" version="3.0.2" name="inser.spring.lombok_springboot.product.ui.IndexPagePlaywrightTest" time="11.95" tests="2" errors="0" skipped="0" failures="0">
  <properties>
[...]
</properties>
  <testcase name="testLanguageSwitching" classname="inser.spring.lombok_springboot.product.ui.IndexPagePlaywrightTest" time="2.938">
    <system-out><![CDATA[2026-02-23T10:31:34.716+01:00  INFO 39236 --- [product-service] [           main] t.c.s.AnnotationConfigContextLoaderUtils : Could not detect default configuration classes for test class [inser.spring.lombok_springboot.product.ui.IndexPagePlaywrightTest]: IndexPagePlaywrightTest does not declare any static, non-private, non-final, nested classes annotated with @Configuration.
2026-02-23T10:31:34.723+01:00  INFO 39236 --- [product-service] [           main] .b.t.c.SpringBootTestContextBootstrapper : Found @SpringBootConfiguration inser.spring.lombok_springboot.product.ProductApplication for test class inser.spring.lombok_springboot.product.ui.IndexPagePlaywrightTest
  _                    _           _                          _            _                            _          
 | |    ___  _ __ ___ | |__   ___ | | __  _ __  _ __ ___   __| |_   _  ___| |_      ___  ___ _ ____   _(_) ___ ___ 
 | |   / _ \| '_ ` _ \| '_ \ / _ \| |/ / | '_ \| '__/ _ \ / _` | | | |/ __| __|____/ __|/ _ \ '__\ \ / / |/ __/ _ \
 | |__| (_) | | | | | | |_) | (_) |   <  | |_) | | | (_) | (_| | |_| | (__| ||_____\__ \  __/ |   \ V /| | (_|  __/
 |_____\___/|_| |_| |_|_.__/ \___/|_|\_\ | .__/|_|  \___/ \__,_|\__,_|\___|\__|    |___/\___|_|    \_/ |_|\___\___|
                                         |_|                                                                       
 
Powered by Spring Boot 3.5.11
2026-02-23T10:31:40.712+01:00  INFO 39236 --- [product-service] [           main] i.s.l.p.ui.IndexPagePlaywrightTest       : Starting IndexPagePlaywrightTest using Java 17.0.18 with PID 39236 (started by Emilio in C:\Users\Emilio\proyectos\java\lombok_springboot\product-service)
2026-02-23T10:31:40.713+01:00  INFO 39236 --- [product-service] [           main] i.s.l.p.ui.IndexPagePlaywrightTest       : The following 1 profile is active: "test"
2026-02-23T10:31:40.859+01:00  INFO 39236 --- [product-service] [           main] .s.d.r.c.RepositoryConfigurationDelegate : Bootstrapping Spring Data JPA repositories in DEFAULT mode.
2026-02-23T10:31:40.868+01:00  INFO 39236 --- [product-service] [           main] .s.d.r.c.RepositoryConfigurationDelegate : Finished Spring Data repository scanning in 8 ms. Found 1 JPA repository interface.
2026-02-23T10:31:41.218+01:00  INFO 39236 --- [product-service] [           main] o.s.b.w.embedded.tomcat.TomcatWebServer  : Tomcat initialized with port 0 (http)
2026-02-23T10:31:41.237+01:00  INFO 39236 --- [product-service] [           main] o.apache.catalina.core.StandardService   : Starting service [Tomcat]
2026-02-23T10:31:41.237+01:00  INFO 39236 --- [product-service] [           main] o.apache.catalina.core.StandardEngine    : Starting Servlet engine: [Apache Tomcat/10.1.52]
2026-02-23T10:31:41.325+01:00  INFO 39236 --- [product-service] [           main] o.a.c.c.C.[Tomcat].[localhost].[/]       : Initializing Spring embedded WebApplicationContext
2026-02-23T10:31:41.325+01:00  INFO 39236 --- [product-service] [           main] w.s.c.ServletWebServerApplicationContext : Root WebApplicationContext: initialization completed in 611 ms
2026-02-23T10:31:41.402+01:00  INFO 39236 --- [product-service] [           main] o.hibernate.jpa.internal.util.LogHelper  : HHH000204: Processing PersistenceUnitInfo [name: default]
2026-02-23T10:31:41.404+01:00  INFO 39236 --- [product-service] [           main] o.h.c.internal.RegionFactoryInitiator    : HHH000026: Second-level cache disabled
2026-02-23T10:31:41.416+01:00  INFO 39236 --- [product-service] [           main] o.s.o.j.p.SpringPersistenceUnitInfo      : No LoadTimeWeaver setup: ignoring JPA class transformer
2026-02-23T10:31:41.417+01:00  INFO 39236 --- [product-service] [           main] com.zaxxer.hikari.HikariDataSource       : HikariPool-2 - Starting...
2026-02-23T10:31:41.419+01:00  INFO 39236 --- [product-service] [           main] com.zaxxer.hikari.pool.HikariPool        : HikariPool-2 - Added connection conn10: url=jdbc:h2:mem:product_db user=SA
2026-02-23T10:31:41.419+01:00  INFO 39236 --- [product-service] [           main] com.zaxxer.hikari.HikariDataSource       : HikariPool-2 - Start completed.
2026-02-23T10:31:41.419+01:00  WARN 39236 --- [product-service] [           main] org.hibernate.orm.deprecation            : HHH90000025: MySQL8Dialect does not need to be specified explicitly using 'hibernate.dialect' (remove the property setting and it will be selected by default)
2026-02-23T10:31:41.419+01:00  WARN 39236 --- [product-service] [           main] org.hibernate.orm.deprecation            : HHH90000026: MySQL8Dialect has been deprecated; use org.hibernate.dialect.MySQLDialect instead
2026-02-23T10:31:41.420+01:00  INFO 39236 --- [product-service] [           main] org.hibernate.orm.connections.pooling    : HHH10001005: Database info:
	Database JDBC URL [Connecting through datasource 'HikariDataSource (HikariPool-2)']
	Database driver: undefined/unknown
	Database version: 8.0
	Autocommit mode: undefined/unknown
	Isolation level: undefined/unknown
	Minimum pool size: undefined/unknown
	Maximum pool size: undefined/unknown
2026-02-23T10:31:41.444+01:00  INFO 39236 --- [product-service] [           main] o.h.e.t.j.p.i.JtaPlatformInitiator       : HHH000489: No JTA platform available (set 'hibernate.transaction.jta.platform' to enable JTA platform integration)
Hibernate: drop table if exists products
Hibernate: create table products (price decimal(38,2), id bigint not null auto_increment, description varchar(255), name varchar(255), primary key (id)) engine=InnoDB
2026-02-23T10:31:41.446+01:00  INFO 39236 --- [product-service] [           main] j.LocalContainerEntityManagerFactoryBean : Initialized JPA EntityManagerFactory for persistence unit 'default'
2026-02-23T10:31:41.483+01:00  WARN 39236 --- [product-service] [           main] JpaBaseConfiguration$JpaWebConfiguration : spring.jpa.open-in-view is enabled by default. Therefore, database queries may be performed during view rendering. Explicitly configure spring.jpa.open-in-view to disable this warning
2026-02-23T10:31:41.488+01:00  INFO 39236 --- [product-service] [           main] o.s.b.a.w.s.WelcomePageHandlerMapping    : Adding welcome page template: index
2026-02-23T10:31:41.863+01:00  INFO 39236 --- [product-service] [           main] o.s.b.w.embedded.tomcat.TomcatWebServer  : Tomcat started on port 55846 (http) with context path '/'
2026-02-23T10:31:41.866+01:00  INFO 39236 --- [product-service] [           main] i.s.l.p.ui.IndexPagePlaywrightTest       : Started IndexPagePlaywrightTest in 1.188 seconds (process running for 12.866)
2026-02-23T10:31:42.078+01:00  INFO 39236 --- [product-service] [o-auto-1-exec-1] o.a.c.c.C.[Tomcat].[localhost].[/]       : Initializing Spring DispatcherServlet 'dispatcherServlet'
2026-02-23T10:31:42.078+01:00  INFO 39236 --- [product-service] [o-auto-1-exec-1] o.s.web.servlet.DispatcherServlet        : Initializing Servlet 'dispatcherServlet'
2026-02-23T10:31:42.078+01:00  INFO 39236 --- [product-service] [o-auto-1-exec-1] o.s.web.servlet.DispatcherServlet        : Completed initialization in 0 ms
]]></system-out>
  </testcase>
  <testcase name="testIndexPageLoads" classname="inser.spring.lombok_springboot.product.ui.IndexPagePlaywrightTest" time="1.73"/>
</testsuite>