<?xml version="1.0" encoding="UTF-8"?>
<testsuite xmlns:xsi="http://www.w3.org/2001/XMLSchema-instance" xsi:noNamespaceSchemaLocation="https://maven.apache.org/surefire/maven-surefire-plugin/xsd/surefire-test-report.xsd" version="3.0.2" name="inser.spring.lombok_springboot.product.integration.ProductIntegrationTest" time="5.214" tests="1" errors="0" skipped="0" failures="0">
  <properties>
[...]
</properties>
  <testcase name="testCreateAndGetProduct" classname="inser.spring.lombok_springboot.product.integration.ProductIntegrationTest" time="0.682">
    <system-out><![CDATA[10:31:29.610 [main] INFO org.springframework.test.context.support.AnnotationConfigContextLoaderUtils -- Could not detect default configuration classes for test class [inser.spring.lombok_springboot.product.integration.ProductIntegrationTest]: ProductIntegrationTest does not declare any static, non-private, non-final, nested classes annotated with @Configuration.
10:31:29.712 [main] INFO org.springframework.boot.test.context.SpringBootTestContextBootstrapper -- Found @SpringBootConfiguration inser.spring.lombok_springboot.product.ProductApplication for test class inser.spring.lombok_springboot.product.integration.ProductIntegrationTest
  _                    _           _                          _            _                            _          
 | |    ___  _ __ ___ | |__   ___ | | __  _ __  _ __ ___   __| |_   _  ___| |_      ___  ___ _ ____   _(_) ___ ___ 
 | |   / _ \| '_ ` _ \| '_ \ / _ \| |/ / | '_ \| '__/ _ \ / _` | | | |/ __| __|____/ __|/ _ \ '__\ \ / / |/ __/ _ \
 | |__| (_) | | | | | | |_) | (_) |   <  | |_) | | | (_) | (_| | |_| | (__| ||_____\__ \  __/ |   \ V /| | (_|  __/
 |_____\___/|_| |_| |_|_.__/ \___/|_|\_\ | .__/|_|  \___/ \__,_|\__,_|\___|\__|    |___/\___|_|    \_/ |_|\___\___|
                                         |_|                                                                       
 
Powered by Spring Boot 3.5.11
2026-02-23T10:31:30.077+01:00  INFO 39236 --- [product-service] [           main] i.s.l.p.i.ProductIntegrationTest         : Starting ProductIntegrationTest using Java 17.0.18 with PID 39236 (started by Emilio in C:\Users\Emilio\proyectos\java\lombok_springboot\product-service)
2026-02-23T10:31:30.079+01:00  INFO 39236 --- [product-service] [           main] i.s.l.p.i.ProductIntegrationTest         : The following 1 profile is active: "test"
2026-02-23T10:31:30.825+01:00  INFO 39236 --- [product-service] [           main] .s.d.r.c.RepositoryConfigurationDelegate : Bootstrapping Spring Data JPA repositories in DEFAULT mode.
2026-02-23T10:31:30.891+01:00  INFO 39236 --- [product-service] [           main] .s.d.r.c.RepositoryConfigurationDelegate : Finished Spring Data repository scanning in 55 ms. Found 1 JPA repository interface.
2026-02-23T10:31:31.453+01:00  INFO 39236 --- [product-service] [           main] o.hibernate.jpa.internal.util.LogHelper  : HHH000204: Processing PersistenceUnitInfo [name: default]
2026-02-23T10:31:31.554+01:00  INFO 39236 --- [product-service] [           main] org.hibernate.Version                    : HHH000412: Hibernate ORM core version 6.6.42.Final
2026-02-23T10:31:31.585+01:00  INFO 39236 --- [product-service] [           main] o.h.c.internal.RegionFactoryInitiator    : HHH000026: Second-level cache disabled
2026-02-23T10:31:31.968+01:00  INFO 39236 --- [product-service] [           main] o.s.o.j.p.SpringPersistenceUnitInfo      : No LoadTimeWeaver setup: ignoring JPA class transformer
2026-02-23T10:31:32.002+01:00  INFO 39236 --- [product-service] [           main] com.zaxxer.hikari.HikariDataSource       : HikariPool-1 - Starting...
2026-02-23T10:31:32.161+01:00  INFO 39236 --- [product-service] [           main] com.zaxxer.hikari.pool.HikariPool        : HikariPool-1 - Added connection conn0: url=jdbc:h2:mem:product_db user=SA
2026-02-23T10:31:32.163+01:00  INFO 39236 --- [product-service] [           main] com.zaxxer.hikari.HikariDataSource       : HikariPool-1 - Start completed.
2026-02-23T10:31:32.181+01:00  WARN 39236 --- [product-service] [           main] org.hibernate.orm.deprecation            : HHH90000025: MySQL8Dialect does not need to be specified explicitly using 'hibernate.dialect' (remove the property setting and it will be selected by default)
2026-02-23T10:31:32.181+01:00  WARN 39236 --- [product-service] [           main] org.hibernate.orm.deprecation            : HHH90000026: MySQL8Dialect has been deprecated; use org.hibernate.dialect.MySQLDialect instead
2026-02-23T10:31:32.202+01:00  INFO 39236 --- [product-service] [           main] org.hibernate.orm.connections.pooling    : HHH10001005: Database info:
	Database JDBC URL [Connecting through datasource 'HikariDataSource (HikariPool-1)']
	Database driver: undefined/unknown
	Database version: 8.0
	Autocommit mode: undefined/unknown
	Isolation level: undefined/unknown
	Minimum pool size: undefined/unknown
	Maximum pool size: undefined/unknown
2026-02-23T10:31:32.742+01:00  INFO 39236 --- [product-service] [           main] o.h.e.t.j.p.i.JtaPlatformInitiator       : HHH000489: No JTA platform available (set 'hibernate.transaction.jta.platform' to enable JTA platform integration)
Hibernate: drop table if exists products
Hibernate: create table products (price decimal(38,2), id bigint not null auto_increment, description varchar(255), name varchar(255), primary key (id)) engine=InnoDB
2026-02-23T10:31:32.773+01:00  INFO 39236 --- [product-service] [           main] j.LocalContainerEntityManagerFactoryBean : Initialized JPA EntityManagerFactory for persistence unit 'default'
2026-02-23T10:31:33.274+01:00  WARN 39236 --- [product-service] [           main] JpaBaseConfiguration$JpaWebConfiguration : spring.jpa.open-in-view is enabled by default. Therefore, database queries may be performed during view rendering. Explicitly configure spring.jpa.open-in-view to disable this warning
2026-02-23T10:31:33.314+01:00  INFO 39236 --- [product-service] [           main] o.s.b.a.w.s.WelcomePageHandlerMapping    : Adding welcome page template: index
2026-02-23T10:31:33.941+01:00  INFO 39236 --- [product-service] [           main] o.s.b.t.m.w.SpringBootMockServletContext : Initializing Spring TestDispatcherServlet ''
2026-02-23T10:31:33.941+01:00  INFO 39236 --- [product-service] [           main] o.s.t.web.servlet.TestDispatcherServlet  : Initializing Servlet ''
2026-02-23T10:31:33.945+01:00  INFO 39236 --- [product-service] [           main] o.s.t.web.servlet.TestDispatcherServlet  : Completed initialization in 2 ms
2026-02-23T10:31:33.996+01:00  INFO 39236 --- [product-service] [           main] i.s.l.p.i.ProductIntegrationTest         : Started ProductIntegrationTest in 4.176 seconds (process running for 4.995)
2026-02-23T10:31:34.487+01:00  INFO 39236 --- [product-service] [           main] i.s.l.p.service.ProductServiceImpl       : Creating new product: Test Product
Hibernate: insert into products (description,name,price) values (?,?,?)
2026-02-23T10:31:34.611+01:00  INFO 39236 --- [product-service] [           main] i.s.l.p.service.ProductServiceImpl       : Fetching all products
Hibernate: select p1_0.id,p1_0.description,p1_0.name,p1_0.price from products p1_0
]]></system-out>
  </testcase>
</testsuite>